\BOOKMARK [1][-]{section.1}{\376\377\000\111\000\156\000\164\000\162\000\157\000\144\000\165\000\143\000\164\000\151\000\157\000\156}{}% 1
\BOOKMARK [2][-]{subsection.1.1}{\376\377\000\102\000\141\000\143\000\153\000\147\000\162\000\157\000\165\000\156\000\144}{section.1}% 2
\BOOKMARK [2][-]{subsection.1.2}{\376\377\000\114\000\151\000\164\000\145\000\162\000\141\000\164\000\165\000\162\000\145\000\040\000\122\000\145\000\146\000\145\000\162\000\145\000\156\000\143\000\145}{section.1}% 3
\BOOKMARK [2][-]{subsection.1.3}{\376\377\000\122\000\145\000\163\000\164\000\141\000\164\000\145\000\155\000\145\000\156\000\164\000\040\000\157\000\146\000\040\000\164\000\150\000\145\000\040\000\120\000\162\000\157\000\142\000\154\000\145\000\155}{section.1}% 4
\BOOKMARK [1][-]{section.2}{\376\377\000\101\000\163\000\163\000\145\000\163\000\163\000\155\000\145\000\156\000\164\000\040\000\157\000\146\000\040\000\164\000\150\000\145\000\040\000\124\000\150\000\162\000\145\000\145\000\040\000\117\000\160\000\164\000\151\000\157\000\156\000\163}{}% 5
\BOOKMARK [1][-]{section.3}{\376\377\000\101\000\163\000\163\000\165\000\155\000\160\000\164\000\151\000\157\000\156\000\163}{}% 6
\BOOKMARK [1][-]{section.4}{\376\377\000\123\000\171\000\155\000\142\000\157\000\154\000\040\000\104\000\145\000\163\000\143\000\162\000\151\000\160\000\164\000\151\000\157\000\156}{}% 7
\BOOKMARK [1][-]{section.5}{\376\377\000\124\000\150\000\145\000\040\000\115\000\157\000\144\000\145\000\154\000\163\000\040\000\164\000\157\000\040\000\102\000\165\000\151\000\154\000\144\000\040\000\061\000\063\000\040\000\104\000\141\000\155\000\163}{}% 8
\BOOKMARK [2][-]{subsection.5.1}{\376\377\000\115\000\157\000\144\000\145\000\154\000\040\000\151\000\072\000\040\000\105\000\163\000\164\000\141\000\142\000\154\000\151\000\163\000\150\000\040\000\164\000\150\000\145\000\040\000\114\000\141\000\153\000\145\000\040\000\115\000\157\000\144\000\145\000\154}{section.5}% 9
\BOOKMARK [3][-]{subsubsection.5.1.1}{\376\377\000\101\000\160\000\160\000\162\000\157\000\170\000\151\000\155\000\141\000\164\000\145\000\040\000\164\000\150\000\145\000\040\000\103\000\162\000\157\000\163\000\163\000\040\000\123\000\145\000\143\000\164\000\151\000\157\000\156\000\040\000\157\000\146\000\040\000\164\000\150\000\145\000\040\000\114\000\141\000\153\000\145}{subsection.5.1}% 10
\BOOKMARK [3][-]{subsubsection.5.1.2}{\376\377\000\120\000\162\000\157\000\143\000\145\000\163\000\163\000\040\000\164\000\150\000\145\000\040\000\115\000\141\000\160\000\040\000\104\000\141\000\164\000\141}{subsection.5.1}% 11
\BOOKMARK [3][-]{subsubsection.5.1.3}{\376\377\000\115\000\145\000\141\000\163\000\165\000\162\000\145\000\040\000\164\000\150\000\145\000\040\000\126\000\157\000\154\000\165\000\155\000\145\000\040\000\157\000\146\000\040\000\164\000\150\000\145\000\040\000\114\000\141\000\153\000\145}{subsection.5.1}% 12
\BOOKMARK [3][-]{subsubsection.5.1.4}{\376\377\000\103\000\157\000\162\000\162\000\145\000\143\000\164\000\040\000\117\000\165\000\162\000\040\000\101\000\163\000\163\000\165\000\155\000\160\000\164\000\151\000\157\000\156}{subsection.5.1}% 13
\BOOKMARK [2][-]{subsection.5.2}{\376\377\000\115\000\157\000\144\000\145\000\154\000\040\000\151\000\151\000\072\000\040\000\102\000\165\000\151\000\154\000\144\000\040\000\124\000\150\000\162\000\145\000\145\000\040\000\123\000\155\000\141\000\154\000\154\000\040\000\104\000\141\000\155\000\163\000\040\000\117\000\166\000\145\000\162\000\040\000\164\000\150\000\145\000\040\000\114\000\141\000\153\000\145}{section.5}% 14
\BOOKMARK [2][-]{subsection.5.3}{\376\377\000\111\000\155\000\160\000\141\000\143\000\164\000\163\000\040\000\157\000\146\000\040\000\116\000\165\000\155\000\142\000\145\000\162\000\040\000\157\000\146\000\040\000\104\000\141\000\155\000\163\000\040\000\157\000\156\000\040\000\103\000\157\000\163\000\164\000\163\000\040\000\141\000\156\000\144\000\040\000\102\000\145\000\156\000\145\000\146\000\151\000\164\000\163}{section.5}% 15
\BOOKMARK [3][-]{subsubsection.5.3.1}{\376\377\000\106\000\141\000\143\000\164\000\163\000\040\000\127\000\145\000\040\000\113\000\156\000\157\000\167}{subsection.5.3}% 16
\BOOKMARK [3][-]{subsubsection.5.3.2}{\376\377\000\106\000\151\000\156\000\144\000\040\000\164\000\150\000\145\000\040\000\120\000\162\000\157\000\160\000\145\000\162\000\040\000\116\000\165\000\155\000\142\000\145\000\162\000\040\000\157\000\146\000\040\000\164\000\150\000\145\000\040\000\123\000\164\000\141\000\164\000\151\000\157\000\156\000\163}{subsection.5.3}% 17
\BOOKMARK [2][-]{subsection.5.4}{\376\377\000\115\000\157\000\144\000\145\000\154\000\040\000\151\000\151\000\151\000\072\000\040\000\110\000\171\000\144\000\162\000\157\000\154\000\157\000\147\000\171\000\040\000\106\000\157\000\162\000\145\000\143\000\141\000\163\000\164}{section.5}% 18
\BOOKMARK [2][-]{subsection.5.5}{\376\377\000\115\000\157\000\144\000\145\000\154\000\040\000\151\000\166\000\072\000\040\000\111\000\144\000\145\000\141\000\154\000\040\000\131\000\145\000\141\000\162\000\040\000\115\000\157\000\144\000\145\000\154}{section.5}% 19
\BOOKMARK [1][-]{section.6}{\376\377\000\115\000\141\000\156\000\141\000\147\000\145\000\155\000\145\000\156\000\164\000\040\000\123\000\164\000\162\000\141\000\164\000\145\000\147\000\171}{}% 20
\BOOKMARK [1][-]{section.7}{\376\377\000\123\000\164\000\162\000\145\000\156\000\147\000\164\000\150\000\163\000\040\000\141\000\156\000\144\000\040\000\127\000\145\000\141\000\153\000\156\000\145\000\163\000\163\000\145\000\163}{}% 21
\BOOKMARK [2][-]{subsection.7.1}{\376\377\000\123\000\164\000\162\000\145\000\156\000\147\000\164\000\150\000\163}{section.7}% 22
\BOOKMARK [2][-]{subsection.7.2}{\376\377\000\127\000\145\000\141\000\153\000\156\000\145\000\163\000\163\000\145\000\163}{section.7}% 23
